<?xml version="1.0" encoding="UTF-8"?>
<!-- Generated by org.testng.reporters.JUnitReportReporter -->
<testsuite skipped="0" hostname="VMX-LT-137" name="org.testn.SnapDealFunctionality" tests="2" failures="0" timestamp="27 Nov 2019 17:21:50 GMT" time="28.017" errors="0">
  <testcase name="tc" time="23.122" classname="org.testn.SnapDealFunctionality"/>
  <testcase name="tc1" time="4.895" classname="org.testn.SnapDealFunctionality"/>
</testsuite> <!-- org.testn.SnapDealFunctionality -->
